# JRE version: OpenJDK Runtime Environment (8.0_162-b12) (build 1.8.0_162-8u162-b12-0ubuntu0.16.04.2-b12)
# Java VM: OpenJDK 64-Bit Server VM (25.162-b12 mixed mode linux-amd64 compressed oops)
Heap:
 garbage-first heap   total 245760K, used 47926K [0x00000000c0000000, 0x00000000c0100780, 0x0000000100000000)
  region size 1024K, 9 young (9216K), 9 survivors (9216K)
 Metaspace       used 41024K, capacity 43366K, committed 43776K, reserved 1087488K
  class space    used 4766K, capacity 5590K, committed 5632K, reserved 1048576K
GC Heap History (10 events):
Event: 25,637 GC heap after
Heap after GC invocations=22 (full 0):
 garbage-first heap   total 61440K, used 41472K [0x00000000c0000000, 0x00000000c01001e0, 0x0000000100000000)
  region size 1024K, 3 young (3072K), 3 survivors (3072K)
 Metaspace       used 39767K, capacity 42118K, committed 42496K, reserved 1087488K
  class space    used 4521K, capacity 5366K, committed 5376K, reserved 1048576K
}
Event: 25,650 GC heap before
{Heap before GC invocations=22 (full 0):
 garbage-first heap   total 61440K, used 42496K [0x00000000c0000000, 0x00000000c01001e0, 0x0000000100000000)
  region size 1024K, 4 young (4096K), 3 survivors (3072K)
 Metaspace       used 39831K, capacity 42182K, committed 42496K, reserved 1087488K
  class space    used 4532K, capacity 5366K, committed 5376K, reserved 1048576K
Event: 25,666 GC heap after
Heap after GC invocations=23 (full 0):
 garbage-first heap   total 61440K, used 37090K [0x00000000c0000000, 0x00000000c01001e0, 0x0000000100000000)
  region size 1024K, 1 young (1024K), 1 survivors (1024K)
 Metaspace       used 39831K, capacity 42182K, committed 42496K, reserved 1087488K
  class space    used 4532K, capacity 5366K, committed 5376K, reserved 1048576K
}
Event: 25,690 GC heap before
{Heap before GC invocations=23 (full 0):
 garbage-first heap   total 61440K, used 39138K [0x00000000c0000000, 0x00000000c01001e0, 0x0000000100000000)
  region size 1024K, 3 young (3072K), 1 survivors (1024K)
 Metaspace       used 39892K, capacity 42182K, committed 42496K, reserved 1087488K
  class space    used 4542K, capacity 5366K, committed 5376K, reserved 1048576K
Event: 25,726 GC heap after
Heap after GC invocations=24 (full 0):
 garbage-first heap   total 61440K, used 35839K [0x00000000c0000000, 0x00000000c01001e0, 0x0000000100000000)
  region size 1024K, 1 young (1024K), 1 survivors (1024K)
 Metaspace       used 39892K, capacity 42182K, committed 42496K, reserved 1087488K
  class space    used 4542K, capacity 5366K, committed 5376K, reserved 1048576K
}
Event: 25,745 GC heap before
{Heap before GC invocations=24 (full 0):
 garbage-first heap   total 61440K, used 37887K [0x00000000c0000000, 0x00000000c01001e0, 0x0000000100000000)
  region size 1024K, 3 young (3072K), 1 survivors (1024K)
 Metaspace       used 39958K, capacity 42246K, committed 42496K, reserved 1087488K
  class space    used 4552K, capacity 5366K, committed 5376K, reserved 1048576K
Event: 25,801 GC heap after
Heap after GC invocations=25 (full 0):
 garbage-first heap   total 61440K, used 36194K [0x00000000c0000000, 0x00000000c01001e0, 0x0000000100000000)
  region size 1024K, 1 young (1024K), 1 survivors (1024K)
 Metaspace       used 39958K, capacity 42246K, committed 42496K, reserved 1087488K
  class space    used 4552K, capacity 5366K, committed 5376K, reserved 1048576K
}
Event: 26,023 GC heap before
{Heap before GC invocations=25 (full 0):
 garbage-first heap   total 61440K, used 52578K [0x00000000c0000000, 0x00000000c01001e0, 0x0000000100000000)
  region size 1024K, 17 young (17408K), 1 survivors (1024K)
 Metaspace       used 40051K, capacity 42406K, committed 42880K, reserved 1087488K
  class space    used 4564K, capacity 5398K, committed 5504K, reserved 1048576K
Event: 26,054 GC heap after
Heap after GC invocations=26 (full 0):
 garbage-first heap   total 122880K, used 38380K [0x00000000c0000000, 0x00000000c01003c0, 0x0000000100000000)
  region size 1024K, 3 young (3072K), 3 survivors (3072K)
 Metaspace       used 40051K, capacity 42406K, committed 42880K, reserved 1087488K
  class space    used 4564K, capacity 5398K, committed 5504K, reserved 1048576K
}
Event: 26,710 GC heap before
{Heap before GC invocations=26 (full 0):
 garbage-first heap   total 122880K, used 103756K [0x00000000c0000000, 0x00000000c01003c0, 0x0000000100000000)
  region size 1024K, 66 young (67584K), 3 survivors (3072K)
 Metaspace       used 41024K, capacity 43366K, committed 43776K, reserved 1087488K
  class space    used 4766K, capacity 5590K, committed 5632K, reserved 1048576K

