# JRE version: OpenJDK Runtime Environment (8.0_162-b12) (build 1.8.0_162-8u162-b12-0ubuntu0.16.04.2-b12)
# Java VM: OpenJDK 64-Bit Server VM (25.162-b12 mixed mode linux-amd64 compressed oops)
Heap:
 garbage-first heap   total 249856K, used 47658K [0x00000000c0000000, 0x00000000c01007a0, 0x0000000100000000)
  region size 1024K, 9 young (9216K), 9 survivors (9216K)
 Metaspace       used 38509K, capacity 40934K, committed 41340K, reserved 1085440K
  class space    used 4356K, capacity 5142K, committed 5248K, reserved 1048576K
GC Heap History (10 events):
Event: 26,357 GC heap after
Heap after GC invocations=21 (full 0):
 garbage-first heap   total 62464K, used 38912K [0x00000000c0000000, 0x00000000c01001e8, 0x0000000100000000)
  region size 1024K, 3 young (3072K), 3 survivors (3072K)
 Metaspace       used 37380K, capacity 39790K, committed 40060K, reserved 1085440K
  class space    used 4147K, capacity 4928K, committed 4992K, reserved 1048576K
}
Event: 26,361 GC heap before
{Heap before GC invocations=21 (full 0):
 garbage-first heap   total 62464K, used 39936K [0x00000000c0000000, 0x00000000c01001e8, 0x0000000100000000)
  region size 1024K, 4 young (4096K), 3 survivors (3072K)
 Metaspace       used 37385K, capacity 39790K, committed 40060K, reserved 1085440K
  class space    used 4148K, capacity 4928K, committed 4992K, reserved 1048576K
Event: 26,397 GC heap after
Heap after GC invocations=22 (full 0):
 garbage-first heap   total 62464K, used 35328K [0x00000000c0000000, 0x00000000c01001e8, 0x0000000100000000)
  region size 1024K, 1 young (1024K), 1 survivors (1024K)
 Metaspace       used 37385K, capacity 39790K, committed 40060K, reserved 1085440K
  class space    used 4148K, capacity 4928K, committed 4992K, reserved 1048576K
}
Event: 26,421 GC heap before
{Heap before GC invocations=22 (full 0):
 garbage-first heap   total 62464K, used 37376K [0x00000000c0000000, 0x00000000c01001e8, 0x0000000100000000)
  region size 1024K, 3 young (3072K), 1 survivors (1024K)
 Metaspace       used 37400K, capacity 39802K, committed 40060K, reserved 1085440K
  class space    used 4151K, capacity 4932K, committed 4992K, reserved 1048576K
Event: 26,473 GC heap after
Heap after GC invocations=23 (full 0):
 garbage-first heap   total 62464K, used 33820K [0x00000000c0000000, 0x00000000c01001e8, 0x0000000100000000)
  region size 1024K, 1 young (1024K), 1 survivors (1024K)
 Metaspace       used 37400K, capacity 39802K, committed 40060K, reserved 1085440K
  class space    used 4151K, capacity 4932K, committed 4992K, reserved 1048576K
}
Event: 26,576 GC heap before
{Heap before GC invocations=23 (full 0):
 garbage-first heap   total 62464K, used 51228K [0x00000000c0000000, 0x00000000c01001e8, 0x0000000100000000)
  region size 1024K, 18 young (18432K), 1 survivors (1024K)
 Metaspace       used 37447K, capacity 39910K, committed 40060K, reserved 1085440K
  class space    used 4165K, capacity 4968K, committed 4992K, reserved 1048576K
Event: 26,592 GC heap after
Heap after GC invocations=24 (full 0):
 garbage-first heap   total 62464K, used 35654K [0x00000000c0000000, 0x00000000c01001e8, 0x0000000100000000)
  region size 1024K, 3 young (3072K), 3 survivors (3072K)
 Metaspace       used 37447K, capacity 39910K, committed 40060K, reserved 1085440K
  class space    used 4165K, capacity 4968K, committed 4992K, reserved 1048576K
}
Event: 26,730 GC heap before
{Heap before GC invocations=24 (full 0):
 garbage-first heap   total 62464K, used 51014K [0x00000000c0000000, 0x00000000c01001e8, 0x0000000100000000)
  region size 1024K, 18 young (18432K), 3 survivors (3072K)
 Metaspace       used 37541K, capacity 39910K, committed 40060K, reserved 1085440K
  class space    used 4186K, capacity 4968K, committed 4992K, reserved 1048576K
Event: 26,762 GC heap after
Heap after GC invocations=25 (full 0):
 garbage-first heap   total 124928K, used 40014K [0x00000000c0000000, 0x00000000c01003d0, 0x0000000100000000)
  region size 1024K, 3 young (3072K), 3 survivors (3072K)
 Metaspace       used 37541K, capacity 39910K, committed 40060K, reserved 1085440K
  class space    used 4186K, capacity 4968K, committed 4992K, reserved 1048576K
}
Event: 27,398 GC heap before
{Heap before GC invocations=26 (full 0):
 garbage-first heap   total 124928K, used 104366K [0x00000000c0000000, 0x00000000c01003d0, 0x0000000100000000)
  region size 1024K, 65 young (66560K), 3 survivors (3072K)
 Metaspace       used 38509K, capacity 40934K, committed 41340K, reserved 1085440K
  class space    used 4356K, capacity 5142K, committed 5248K, reserved 1048576K

